<?xml version="1.0" encoding="UTF-8"?>
<testsuite name="buchen.station.FindClosestStationTest" tests="3" skipped="0" failures="0" errors="0" timestamp="2024-12-25T02:56:18" hostname="Alizas-Air-2" time="8.921">
  <properties/>
  <testcase name="testClosestStationWithAvailableBikes()" classname="buchen.station.FindClosestStationTest" time="8.535"/>
  <testcase name="testClosestStationWithAvailableSlots()" classname="buchen.station.FindClosestStationTest" time="0.219"/>
  <testcase name="findClosestStation()" classname="buchen.station.FindClosestStationTest" time="0.16"/>
  <system-out><![CDATA[]]></system-out>
  <system-err><![CDATA[]]></system-err>
</testsuite>
